-- Found ament_cmake: 1.3.5 (/opt/ros/humble/share/ament_cmake/cmake)
-- Override CMake install command with custom implementation using symlinks instead of copying resources
-- Found ament_lint_auto: 0.12.8 (/opt/ros/humble/share/ament_lint_auto/cmake)
-- Added test 'flake8' to check Python code syntax and style conventions
-- Added test 'lint_cmake' to check CMake code style
-- Added test 'pep257' to check Python code against some of the docstring style conventions in PEP 257
-- Added test 'xmllint' to check XML markup files
-- Configuring done
-- Generating done
-- Build files have been written to: /home/gabriel/virtlab_ws/build/packages
-- Install configuration: ""
-- Execute custom install script
-- Symlinking: /home/gabriel/virtlab_ws/install/packages/share/packages/launchs/listener.launch.py
-- Symlinking: /home/gabriel/virtlab_ws/install/packages/share/packages/launchs/talker.launch.py
-- Symlinking: /home/gabriel/virtlab_ws/install/packages/share/ament_index/resource_index/package_run_dependencies/packages
-- Symlinking: /home/gabriel/virtlab_ws/install/packages/share/ament_index/resource_index/parent_prefix_path/packages
-- Symlinking: /home/gabriel/virtlab_ws/install/packages/share/packages/environment/ament_prefix_path.sh
-- Symlinking: /home/gabriel/virtlab_ws/install/packages/share/packages/environment/ament_prefix_path.dsv
-- Symlinking: /home/gabriel/virtlab_ws/install/packages/share/packages/environment/path.sh
-- Symlinking: /home/gabriel/virtlab_ws/install/packages/share/packages/environment/path.dsv
-- Symlinking: /home/gabriel/virtlab_ws/install/packages/share/packages/local_setup.bash
-- Symlinking: /home/gabriel/virtlab_ws/install/packages/share/packages/local_setup.sh
-- Symlinking: /home/gabriel/virtlab_ws/install/packages/share/packages/local_setup.zsh
-- Symlinking: /home/gabriel/virtlab_ws/install/packages/share/packages/local_setup.dsv
-- Symlinking: /home/gabriel/virtlab_ws/install/packages/share/packages/package.dsv
-- Symlinking: /home/gabriel/virtlab_ws/install/packages/share/ament_index/resource_index/packages/packages
-- Symlinking: /home/gabriel/virtlab_ws/install/packages/share/packages/cmake/packagesConfig.cmake
-- Symlinking: /home/gabriel/virtlab_ws/install/packages/share/packages/cmake/packagesConfig-version.cmake
-- Symlinking: /home/gabriel/virtlab_ws/install/packages/share/packages/package.xml
